2024-06-12T13:34:19.212+02:00  INFO 27240 --- [main] r.leasing.LeasingmanagerApplication      : Starting LeasingmanagerApplication using Java 17.0.8.1 with PID 27240 (C:\Users\rishi\mygithubprojs\leasing\contract\build\classes\java\main started by rishi in C:\Users\rishi\mygithubprojs\leasing\contract)
2024-06-12T13:34:19.215+02:00  INFO 27240 --- [main] r.leasing.LeasingmanagerApplication      : The following 1 profile is active: "dev"
2024-06-12T13:34:19.664+02:00  INFO 27240 --- [main] .s.d.r.c.RepositoryConfigurationDelegate : Bootstrapping Spring Data JPA repositories in DEFAULT mode.
2024-06-12T13:34:19.712+02:00  INFO 27240 --- [main] .s.d.r.c.RepositoryConfigurationDelegate : Finished Spring Data repository scanning in 41 ms. Found 3 JPA repository interfaces.
2024-06-12T13:34:20.506+02:00  INFO 27240 --- [main] o.s.b.w.embedded.tomcat.TomcatWebServer  : Tomcat initialized with port 8080 (http)
2024-06-12T13:34:20.523+02:00  INFO 27240 --- [main] o.apache.catalina.core.StandardService   : Starting service [Tomcat]
2024-06-12T13:34:20.523+02:00  INFO 27240 --- [main] o.apache.catalina.core.StandardEngine    : Starting Servlet engine: [Apache Tomcat/10.1.20]
2024-06-12T13:34:20.599+02:00  INFO 27240 --- [main] o.a.c.c.C.[Tomcat].[localhost].[/]       : Initializing Spring embedded WebApplicationContext
2024-06-12T13:34:20.600+02:00  INFO 27240 --- [main] w.s.c.ServletWebServerApplicationContext : Root WebApplicationContext: initialization completed in 1328 ms
2024-06-12T13:34:20.719+02:00  INFO 27240 --- [main] com.zaxxer.hikari.HikariDataSource       : HikariPool-1 - Starting...
2024-06-12T13:34:21.067+02:00  INFO 27240 --- [main] com.zaxxer.hikari.pool.HikariPool        : HikariPool-1 - Added connection com.mysql.cj.jdbc.ConnectionImpl@183fc2fa
2024-06-12T13:34:21.069+02:00  INFO 27240 --- [main] com.zaxxer.hikari.HikariDataSource       : HikariPool-1 - Start completed.
2024-06-12T13:34:21.151+02:00  INFO 27240 --- [main] o.f.c.internal.license.VersionPrinter    : Flyway Community Edition 9.22.3 by Redgate
2024-06-12T13:34:21.151+02:00  INFO 27240 --- [main] o.f.c.internal.license.VersionPrinter    : See release notes here: https://rd.gt/416ObMi
2024-06-12T13:34:21.151+02:00  INFO 27240 --- [main] o.f.c.internal.license.VersionPrinter    : 
2024-06-12T13:34:21.171+02:00  INFO 27240 --- [main] org.flywaydb.core.FlywayExecutor         : Database: jdbc:mysql://localhost:3306/leasedb (MySQL 8.0)
2024-06-12T13:34:21.223+02:00  INFO 27240 --- [main] o.f.core.internal.command.DbValidate     : Successfully validated 1 migration (execution time 00:00.029s)
2024-06-12T13:34:21.246+02:00  INFO 27240 --- [main] o.f.core.internal.command.DbMigrate      : Current version of schema `leasedb`: 001
2024-06-12T13:34:21.250+02:00  INFO 27240 --- [main] o.f.core.internal.command.DbMigrate      : Schema `leasedb` is up to date. No migration necessary.
2024-06-12T13:34:21.339+02:00  INFO 27240 --- [main] o.hibernate.jpa.internal.util.LogHelper  : HHH000204: Processing PersistenceUnitInfo [name: default]
2024-06-12T13:34:21.416+02:00  INFO 27240 --- [main] org.hibernate.Version                    : HHH000412: Hibernate ORM core version 6.4.4.Final
2024-06-12T13:34:21.451+02:00  INFO 27240 --- [main] o.h.c.internal.RegionFactoryInitiator    : HHH000026: Second-level cache disabled
2024-06-12T13:34:21.690+02:00  INFO 27240 --- [main] o.s.o.j.p.SpringPersistenceUnitInfo      : No LoadTimeWeaver setup: ignoring JPA class transformer
2024-06-12T13:34:21.740+02:00  WARN 27240 --- [main] org.hibernate.orm.deprecation            : HHH90000025: MySQLDialect does not need to be specified explicitly using 'hibernate.dialect' (remove the property setting and it will be selected by default)
2024-06-12T13:34:21.960+02:00  WARN 27240 --- [main] org.hibernate.id.UUIDHexGenerator        : HHH000409: Using org.hibernate.id.UUIDHexGenerator which does not generate IETF RFC 4122 compliant UUID values; consider using org.hibernate.id.UUIDGenerator instead
2024-06-12T13:34:22.292+02:00  INFO 27240 --- [main] o.h.m.i.EntityInstantiatorPojoStandard   : HHH000182: No default (no-argument) constructor for class: rrlane.leasing.contract.entity.LeasingContract (class must be instantiated by Interceptor)
2024-06-12T13:34:22.476+02:00  INFO 27240 --- [main] o.h.e.t.j.p.i.JtaPlatformInitiator       : HHH000489: No JTA platform available (set 'hibernate.transaction.jta.platform' to enable JTA platform integration)
2024-06-12T13:34:22.479+02:00  INFO 27240 --- [main] j.LocalContainerEntityManagerFactoryBean : Initialized JPA EntityManagerFactory for persistence unit 'default'
2024-06-12T13:34:22.763+02:00  INFO 27240 --- [main] o.s.d.j.r.query.QueryEnhancerFactory     : Hibernate is in classpath; If applicable, HQL parser will be used.
2024-06-12T13:34:23.154+02:00  WARN 27240 --- [main] JpaBaseConfiguration$JpaWebConfiguration : spring.jpa.open-in-view is enabled by default. Therefore, database queries may be performed during view rendering. Explicitly configure spring.jpa.open-in-view to disable this warning
2024-06-12T13:34:23.621+02:00  INFO 27240 --- [main] o.s.b.w.embedded.tomcat.TomcatWebServer  : Tomcat started on port 8080 (http) with context path ''
2024-06-12T13:34:23.633+02:00  INFO 27240 --- [main] r.leasing.LeasingmanagerApplication      : Started LeasingmanagerApplication in 4.866 seconds (process running for 5.305)
2024-06-12T13:34:30.679+02:00  INFO 27240 --- [http-nio-8080-exec-1] o.a.c.c.C.[Tomcat].[localhost].[/]       : Initializing Spring DispatcherServlet 'dispatcherServlet'
2024-06-12T13:34:30.784+02:00  INFO 27240 --- [http-nio-8080-exec-1] r.l.core.controller.CustomerController   : Searching for customer details on server...
2024-06-12T13:34:30.879+02:00 ERROR 27240 --- [http-nio-8080-exec-1] r.l.core.controller.CustomerController   : Customer details could not be found on server.
2024-06-12T13:40:32.530+02:00  INFO 30648 --- [main] r.leasing.LeasingmanagerApplication      : Starting LeasingmanagerApplication using Java 17.0.8.1 with PID 30648 (C:\Users\rishi\mygithubprojs\leasing\contract\build\classes\java\main started by rishi in C:\Users\rishi\mygithubprojs\leasing\contract)
2024-06-12T13:40:32.533+02:00  INFO 30648 --- [main] r.leasing.LeasingmanagerApplication      : The following 1 profile is active: "dev"
2024-06-12T13:40:33.082+02:00  INFO 30648 --- [main] .s.d.r.c.RepositoryConfigurationDelegate : Bootstrapping Spring Data JPA repositories in DEFAULT mode.
2024-06-12T13:40:33.140+02:00  INFO 30648 --- [main] .s.d.r.c.RepositoryConfigurationDelegate : Finished Spring Data repository scanning in 51 ms. Found 3 JPA repository interfaces.
2024-06-12T13:40:34.023+02:00  INFO 30648 --- [main] o.s.b.w.embedded.tomcat.TomcatWebServer  : Tomcat initialized with port 8080 (http)
2024-06-12T13:40:34.038+02:00  INFO 30648 --- [main] o.apache.catalina.core.StandardService   : Starting service [Tomcat]
2024-06-12T13:40:34.039+02:00  INFO 30648 --- [main] o.apache.catalina.core.StandardEngine    : Starting Servlet engine: [Apache Tomcat/10.1.20]
2024-06-12T13:40:34.118+02:00  INFO 30648 --- [main] o.a.c.c.C.[Tomcat].[localhost].[/]       : Initializing Spring embedded WebApplicationContext
2024-06-12T13:40:34.119+02:00  INFO 30648 --- [main] w.s.c.ServletWebServerApplicationContext : Root WebApplicationContext: initialization completed in 1521 ms
2024-06-12T13:40:34.261+02:00  INFO 30648 --- [main] com.zaxxer.hikari.HikariDataSource       : HikariPool-1 - Starting...
2024-06-12T13:40:34.645+02:00  INFO 30648 --- [main] com.zaxxer.hikari.pool.HikariPool        : HikariPool-1 - Added connection com.mysql.cj.jdbc.ConnectionImpl@3313d477
2024-06-12T13:40:34.647+02:00  INFO 30648 --- [main] com.zaxxer.hikari.HikariDataSource       : HikariPool-1 - Start completed.
2024-06-12T13:40:34.734+02:00  INFO 30648 --- [main] o.f.c.internal.license.VersionPrinter    : Flyway Community Edition 9.22.3 by Redgate
2024-06-12T13:40:34.735+02:00  INFO 30648 --- [main] o.f.c.internal.license.VersionPrinter    : See release notes here: https://rd.gt/416ObMi
2024-06-12T13:40:34.735+02:00  INFO 30648 --- [main] o.f.c.internal.license.VersionPrinter    : 
2024-06-12T13:40:34.754+02:00  INFO 30648 --- [main] org.flywaydb.core.FlywayExecutor         : Database: jdbc:mysql://localhost:3306/leasedb (MySQL 8.0)
2024-06-12T13:40:34.806+02:00  INFO 30648 --- [main] o.f.core.internal.command.DbValidate     : Successfully validated 1 migration (execution time 00:00.025s)
2024-06-12T13:40:34.830+02:00  INFO 30648 --- [main] o.f.core.internal.command.DbMigrate      : Current version of schema `leasedb`: 001
2024-06-12T13:40:34.835+02:00  INFO 30648 --- [main] o.f.core.internal.command.DbMigrate      : Schema `leasedb` is up to date. No migration necessary.
2024-06-12T13:40:34.945+02:00  INFO 30648 --- [main] o.hibernate.jpa.internal.util.LogHelper  : HHH000204: Processing PersistenceUnitInfo [name: default]
2024-06-12T13:40:35.031+02:00  INFO 30648 --- [main] org.hibernate.Version                    : HHH000412: Hibernate ORM core version 6.4.4.Final
2024-06-12T13:40:35.073+02:00  INFO 30648 --- [main] o.h.c.internal.RegionFactoryInitiator    : HHH000026: Second-level cache disabled
2024-06-12T13:40:35.302+02:00  INFO 30648 --- [main] o.s.o.j.p.SpringPersistenceUnitInfo      : No LoadTimeWeaver setup: ignoring JPA class transformer
2024-06-12T13:40:35.357+02:00  WARN 30648 --- [main] org.hibernate.orm.deprecation            : HHH90000025: MySQLDialect does not need to be specified explicitly using 'hibernate.dialect' (remove the property setting and it will be selected by default)
2024-06-12T13:40:35.589+02:00  WARN 30648 --- [main] org.hibernate.id.UUIDHexGenerator        : HHH000409: Using org.hibernate.id.UUIDHexGenerator which does not generate IETF RFC 4122 compliant UUID values; consider using org.hibernate.id.UUIDGenerator instead
2024-06-12T13:40:35.943+02:00  INFO 30648 --- [main] o.h.m.i.EntityInstantiatorPojoStandard   : HHH000182: No default (no-argument) constructor for class: rrlane.leasing.contract.entity.LeasingContract (class must be instantiated by Interceptor)
2024-06-12T13:40:36.159+02:00  INFO 30648 --- [main] o.h.e.t.j.p.i.JtaPlatformInitiator       : HHH000489: No JTA platform available (set 'hibernate.transaction.jta.platform' to enable JTA platform integration)
2024-06-12T13:40:36.162+02:00  INFO 30648 --- [main] j.LocalContainerEntityManagerFactoryBean : Initialized JPA EntityManagerFactory for persistence unit 'default'
2024-06-12T13:40:36.446+02:00  INFO 30648 --- [main] o.s.d.j.r.query.QueryEnhancerFactory     : Hibernate is in classpath; If applicable, HQL parser will be used.
2024-06-12T13:40:36.884+02:00  WARN 30648 --- [main] JpaBaseConfiguration$JpaWebConfiguration : spring.jpa.open-in-view is enabled by default. Therefore, database queries may be performed during view rendering. Explicitly configure spring.jpa.open-in-view to disable this warning
2024-06-12T13:40:37.362+02:00  INFO 30648 --- [main] o.s.b.w.embedded.tomcat.TomcatWebServer  : Tomcat started on port 8080 (http) with context path ''
2024-06-12T13:40:37.372+02:00  INFO 30648 --- [main] r.leasing.LeasingmanagerApplication      : Started LeasingmanagerApplication in 5.293 seconds (process running for 5.722)
2024-06-12T13:43:10.254+02:00  INFO 30648 --- [http-nio-8080-exec-1] o.a.c.c.C.[Tomcat].[localhost].[/]       : Initializing Spring DispatcherServlet 'dispatcherServlet'
2024-06-12T13:43:10.376+02:00  INFO 30648 --- [http-nio-8080-exec-1] r.l.core.controller.CustomerController   : Sending customer details to server...
2024-06-12T13:43:10.557+02:00  INFO 30648 --- [http-nio-8080-exec-1] r.l.core.controller.CustomerController   : Customer created successfully.
2024-06-12T13:43:46.290+02:00  INFO 30648 --- [http-nio-8080-exec-3] r.l.core.controller.CustomerController   : Searching for customer details on server...
2024-06-12T13:43:46.308+02:00  INFO 30648 --- [http-nio-8080-exec-3] r.l.core.controller.CustomerController   : Found the customer details with name: dddsd
